<<<<<<< HEAD
\BOOKMARK [1][-]{section.1}{\376\377\000S\000e\000n\000s\000o\000r\000e\000s}{}% 1
\BOOKMARK [1][-]{section.2}{\376\377\000S\000e\000n\000s\000o\000r\000e\000s\000\040\000i\000n\000t\000e\000r\000n\000o\000s}{}% 2
\BOOKMARK [2][-]{subsection.2.1}{\376\377\000S\000e\000n\000s\000o\000r\000e\000s\000\040\000d\000e\000\040\000p\000o\000s\000i\000c\000i\000\363\000n}{section.2}% 3
\BOOKMARK [2][-]{subsection.2.2}{\376\377\000S\000e\000n\000s\000o\000r\000e\000s\000\040\000d\000e\000\040\000v\000e\000l\000o\000c\000i\000d\000a\000d}{section.2}% 4
\BOOKMARK [2][-]{subsection.2.3}{\376\377\000S\000e\000n\000s\000o\000r\000e\000s\000\040\000d\000e\000\040\000a\000c\000e\000l\000e\000r\000a\000c\000i\000\363\000n}{section.2}% 5
\BOOKMARK [2][-]{subsection.2.4}{\376\377\000S\000e\000n\000s\000o\000r\000e\000s\000\040\000d\000e\000\040\000f\000u\000e\000r\000z\000a}{section.2}% 6
\BOOKMARK [1][-]{section.3}{\376\377\000S\000e\000n\000s\000o\000r\000e\000s\000\040\000e\000x\000t\000e\000r\000n\000o\000s}{}% 7
\BOOKMARK [2][-]{subsection.3.1}{\376\377\000S\000e\000n\000s\000o\000r\000e\000s\000\040\000d\000e\000\040\000c\000o\000n\000t\000a\000c\000t\000o}{section.3}% 8
\BOOKMARK [2][-]{subsection.3.2}{\376\377\000S\000e\000n\000s\000o\000r\000e\000s\000\040\000s\000i\000n\000\040\000c\000o\000n\000t\000a\000c\000t\000o}{section.3}% 9
\BOOKMARK [1][-]{section.4}{\376\377\000O\000t\000r\000o\000s\000\040\000s\000e\000n\000s\000o\000r\000e\000s}{}% 10
\BOOKMARK [1][-]{section.5}{\376\377\000C\000o\000n\000c\000l\000u\000s\000i\000\363\000n}{}% 11
\BOOKMARK [2][-]{subsection.5.1}{\376\377\000P\000e\000r\000s\000o\000n\000a\000\040\0001}{section.5}% 12
\BOOKMARK [2][-]{subsection.5.2}{\376\377\000P\000e\000r\000s\000o\000n\000a\000\040\0002}{section.5}% 13
\BOOKMARK [1][-]{section*.48}{\376\377\000R\000e\000f\000e\000r\000e\000n\000c\000i\000a\000s}{}% 14
=======
\BOOKMARK [1][-]{section.1}{\376\377\000I\000n\000t\000r\000o\000d\000u\000c\000c\000i\000\363\000n}{}% 1
\BOOKMARK [1][-]{section.2}{\376\377\000S\000e\000n\000s\000o\000r\000e\000s}{}% 2
\BOOKMARK [1][-]{section.3}{\376\377\000S\000e\000n\000s\000o\000r\000e\000s\000\040\000i\000n\000t\000e\000r\000n\000o\000s}{}% 3
\BOOKMARK [2][-]{subsection.3.1}{\376\377\000S\000e\000n\000s\000o\000r\000e\000s\000\040\000d\000e\000\040\000p\000o\000s\000i\000c\000i\000\363\000n}{section.3}% 4
\BOOKMARK [2][-]{subsection.3.2}{\376\377\000S\000e\000n\000s\000o\000r\000e\000s\000\040\000d\000e\000\040\000v\000e\000l\000o\000c\000i\000d\000a\000d}{section.3}% 5
\BOOKMARK [2][-]{subsection.3.3}{\376\377\000S\000e\000n\000s\000o\000r\000e\000s\000\040\000d\000e\000\040\000a\000c\000e\000l\000e\000r\000a\000c\000i\000\363\000n}{section.3}% 6
\BOOKMARK [2][-]{subsection.3.4}{\376\377\000S\000e\000n\000s\000o\000r\000e\000s\000\040\000d\000e\000\040\000f\000u\000e\000r\000z\000a}{section.3}% 7
\BOOKMARK [1][-]{section.4}{\376\377\000S\000e\000n\000s\000o\000r\000e\000s\000\040\000e\000x\000t\000e\000r\000n\000o\000s}{}% 8
\BOOKMARK [2][-]{subsection.4.1}{\376\377\000S\000e\000n\000s\000o\000r\000e\000s\000\040\000d\000e\000\040\000c\000o\000n\000t\000a\000c\000t\000o}{section.4}% 9
\BOOKMARK [2][-]{subsection.4.2}{\376\377\000S\000e\000n\000s\000o\000r\000e\000s\000\040\000s\000i\000n\000\040\000c\000o\000n\000t\000a\000c\000t\000o}{section.4}% 10
\BOOKMARK [1][-]{section.5}{\376\377\000O\000t\000r\000o\000s\000\040\000s\000e\000n\000s\000o\000r\000e\000s}{}% 11
\BOOKMARK [1][-]{section*.35}{\376\377\000R\000e\000f\000e\000r\000e\000n\000c\000i\000a\000s}{}% 12
>>>>>>> e7bfa83aadada6a73db2ecb34b46040d698b14de
